{
  "stats": {
    "suites": 3,
    "tests": 5,
    "passes": 5,
    "pending": 0,
    "failures": 0,
    "start": "2021-06-26T00:04:21.860Z",
    "end": "2021-06-26T00:04:22.020Z",
    "duration": 160,
    "testsRegistered": 5,
    "passPercent": 100,
    "pendingPercent": 0,
    "other": 0,
    "hasOther": false,
    "skipped": 0,
    "hasSkipped": false
  },
  "results": [
    {
      "uuid": "c8693aaa-6dfe-43c7-a8f5-e8fe8af2ccaa",
      "title": "",
      "fullFile": "",
      "file": "",
      "beforeHooks": [],
      "afterHooks": [],
      "tests": [],
      "suites": [
        {
          "uuid": "b4d43bb0-ba90-40d0-a02d-498d84faefe0",
          "title": "DELETE /people",
          "fullFile": "/Users/estebanherrera/Documents/UCreativa/Fundamentos de DevOps/Proyecto/backend/test/api/people/delete.js",
          "file": "/test/api/people/delete.js",
          "beforeHooks": [
            {
              "title": "\"before all\" hook in \"DELETE /people\"",
              "fullTitle": "DELETE /people \"before all\" hook in \"DELETE /people\"",
              "timedOut": false,
              "duration": 26,
              "state": null,
              "speed": null,
              "pass": false,
              "fail": false,
              "pending": false,
              "context": null,
              "code": "conn\n  .connect()\n  .then(() => done())\n  .catch((err) => done(err));",
              "err": {},
              "uuid": "5e28b1d5-9284-4cbd-9c96-510d3389d07d",
              "parentUUID": "b4d43bb0-ba90-40d0-a02d-498d84faefe0",
              "isHook": true,
              "skipped": false
            }
          ],
          "afterHooks": [
            {
              "title": "\"after all\" hook in \"DELETE /people\"",
              "fullTitle": "DELETE /people \"after all\" hook in \"DELETE /people\"",
              "timedOut": false,
              "duration": 2,
              "state": null,
              "speed": null,
              "pass": false,
              "fail": false,
              "pending": false,
              "context": null,
              "code": "conn\n  .close()\n  .then(() => done())\n  .catch((err) => done(err));",
              "err": {},
              "uuid": "0c2dd1ef-2e87-47a7-bb53-a664c2c41849",
              "parentUUID": "b4d43bb0-ba90-40d0-a02d-498d84faefe0",
              "isHook": true,
              "skipped": false
            }
          ],
          "tests": [
            {
              "title": "OK, deleted 1 person",
              "fullTitle": "DELETE /people OK, deleted 1 person",
              "timedOut": false,
              "duration": 70,
              "state": "passed",
              "speed": "medium",
              "pass": true,
              "fail": false,
              "pending": false,
              "context": null,
              "code": "request(app)\n  .post(\"/person\")\n  .send({\n    name: \"TEST NAME\",\n    age: 0,\n    background: \"BACKGROUND TEST\",\n    description: \"DESCRIPTION TEST\",\n  })\n  .then((res) => {\n    request(app)\n      .get(\"/\")\n      .then((res) => {\n        const body = res.body;\n        request(app)\n          .delete(\"/person/\" + body[0]._id)\n          .then((res) => {\n            const body = res.body;\n            expect(Object.keys(body).length).to.equal(0);\n            done();\n          })\n          .catch((err) => console.log(err));\n      });\n  })\n  .catch((err) => done(err));",
              "err": {},
              "uuid": "4cf479c0-965f-4a4a-90f6-bf341692eddb",
              "parentUUID": "b4d43bb0-ba90-40d0-a02d-498d84faefe0",
              "isHook": false,
              "skipped": false
            }
          ],
          "suites": [],
          "passes": [
            "4cf479c0-965f-4a4a-90f6-bf341692eddb"
          ],
          "failures": [],
          "pending": [],
          "skipped": [],
          "duration": 70,
          "root": false,
          "rootEmpty": false,
          "_timeout": 120000
        },
        {
          "uuid": "199eb771-3063-4f12-996d-ce4a60a3a0e3",
          "title": "GET /people",
          "fullFile": "/Users/estebanherrera/Documents/UCreativa/Fundamentos de DevOps/Proyecto/backend/test/api/people/get.js",
          "file": "/test/api/people/get.js",
          "beforeHooks": [
            {
              "title": "\"before all\" hook in \"GET /people\"",
              "fullTitle": "GET /people \"before all\" hook in \"GET /people\"",
              "timedOut": false,
              "duration": 5,
              "state": null,
              "speed": null,
              "pass": false,
              "fail": false,
              "pending": false,
              "context": null,
              "code": "conn\n  .connect()\n  .then(() => done())\n  .catch((err) => done(err));",
              "err": {},
              "uuid": "8e49a0e9-41c5-4ae6-98fd-deb41c51ca5a",
              "parentUUID": "199eb771-3063-4f12-996d-ce4a60a3a0e3",
              "isHook": true,
              "skipped": false
            }
          ],
          "afterHooks": [
            {
              "title": "\"after all\" hook in \"GET /people\"",
              "fullTitle": "GET /people \"after all\" hook in \"GET /people\"",
              "timedOut": false,
              "duration": 1,
              "state": null,
              "speed": null,
              "pass": false,
              "fail": false,
              "pending": false,
              "context": null,
              "code": "conn\n  .close()\n  .then(() => done())\n  .catch((err) => done(err));",
              "err": {},
              "uuid": "1c152196-b69c-4a34-ab43-906d0fd9bcb8",
              "parentUUID": "199eb771-3063-4f12-996d-ce4a60a3a0e3",
              "isHook": true,
              "skipped": false
            }
          ],
          "tests": [
            {
              "title": "OK, getting people has no people",
              "fullTitle": "GET /people OK, getting people has no people",
              "timedOut": false,
              "duration": 10,
              "state": "passed",
              "speed": "fast",
              "pass": true,
              "fail": false,
              "pending": false,
              "context": null,
              "code": "request(app)\n  .get(\"/\")\n  .then((res) => {\n    const body = res.body;\n    expect(body.length).to.equal(0);\n    done();\n  })\n  .catch((err) => done(err));",
              "err": {},
              "uuid": "0d4e47ac-744e-4de7-84ae-1c77d5b636e7",
              "parentUUID": "199eb771-3063-4f12-996d-ce4a60a3a0e3",
              "isHook": false,
              "skipped": false
            },
            {
              "title": "OK, getting people has 1 person",
              "fullTitle": "GET /people OK, getting people has 1 person",
              "timedOut": false,
              "duration": 12,
              "state": "passed",
              "speed": "fast",
              "pass": true,
              "fail": false,
              "pending": false,
              "context": null,
              "code": "request(app)\n  .post(\"/person\")\n  .send({\n    name: \"TEST NAME\",\n    age: 0,\n    background: \"BACKGROUND TEST\",\n    description: \"DESCRIPTION TEST\",\n  })\n  .then((res) => {\n    request(app)\n      .get(\"/\")\n      .then((res) => {\n        const body = res.body;\n        expect(body.length).to.equal(1);\n        done();\n      })\n      .catch((err) => console.log(err));\n  })\n  .catch((err) => done(err));",
              "err": {},
              "uuid": "9b3643ab-23f5-43bf-a460-527af066026d",
              "parentUUID": "199eb771-3063-4f12-996d-ce4a60a3a0e3",
              "isHook": false,
              "skipped": false
            }
          ],
          "suites": [],
          "passes": [
            "0d4e47ac-744e-4de7-84ae-1c77d5b636e7",
            "9b3643ab-23f5-43bf-a460-527af066026d"
          ],
          "failures": [],
          "pending": [],
          "skipped": [],
          "duration": 22,
          "root": false,
          "rootEmpty": false,
          "_timeout": 120000
        },
        {
          "uuid": "8ee60df9-3223-4d76-9127-d4329c788e7a",
          "title": "POST /people",
          "fullFile": "/Users/estebanherrera/Documents/UCreativa/Fundamentos de DevOps/Proyecto/backend/test/api/people/post.js",
          "file": "/test/api/people/post.js",
          "beforeHooks": [
            {
              "title": "\"before all\" hook in \"POST /people\"",
              "fullTitle": "POST /people \"before all\" hook in \"POST /people\"",
              "timedOut": false,
              "duration": 6,
              "state": null,
              "speed": null,
              "pass": false,
              "fail": false,
              "pending": false,
              "context": null,
              "code": "conn\n  .connect()\n  .then(() => done())\n  .catch((err) => done(err));",
              "err": {},
              "uuid": "8afa3083-c52d-4a90-aa65-081b6d1a0b79",
              "parentUUID": "8ee60df9-3223-4d76-9127-d4329c788e7a",
              "isHook": true,
              "skipped": false
            }
          ],
          "afterHooks": [
            {
              "title": "\"after all\" hook in \"POST /people\"",
              "fullTitle": "POST /people \"after all\" hook in \"POST /people\"",
              "timedOut": false,
              "duration": 1,
              "state": null,
              "speed": null,
              "pass": false,
              "fail": false,
              "pending": false,
              "context": null,
              "code": "conn\n  .close()\n  .then(() => done())\n  .catch((err) => done(err));",
              "err": {},
              "uuid": "8e63b961-a1e6-48cb-8f39-d6abb6d3ca01",
              "parentUUID": "8ee60df9-3223-4d76-9127-d4329c788e7a",
              "isHook": true,
              "skipped": false
            }
          ],
          "tests": [
            {
              "title": "OK, creating a new person",
              "fullTitle": "POST /people OK, creating a new person",
              "timedOut": false,
              "duration": 11,
              "state": "passed",
              "speed": "fast",
              "pass": true,
              "fail": false,
              "pending": false,
              "context": null,
              "code": "request(app)\n  .post(\"/person\")\n  .send({\n    name: \"TEST NAME\",\n    age: 0,\n    background: \"BACKGROUND TEST\",\n    description: \"DESCRIPTION TEST\",\n  })\n  .then((res) => {\n    const body = res.body;\n    expect(body).to.contain.property(\"_id\");\n    expect(body).to.contain.property(\"name\");\n    expect(body).to.contain.property(\"age\");\n    expect(body).to.contain.property(\"background\");\n    expect(body).to.contain.property(\"description\");\n    done();\n  })\n  .catch((err) => done(err));",
              "err": {},
              "uuid": "6041d50c-62ec-4995-94a5-b1f198920ccc",
              "parentUUID": "8ee60df9-3223-4d76-9127-d4329c788e7a",
              "isHook": false,
              "skipped": false
            },
            {
              "title": "Fail, person requires other fields",
              "fullTitle": "POST /people Fail, person requires other fields",
              "timedOut": false,
              "duration": 5,
              "state": "passed",
              "speed": "fast",
              "pass": true,
              "fail": false,
              "pending": false,
              "context": null,
              "code": "request(app)\n  .post(\"/person\")\n  .send({ name: \"TEST NAME\" })\n  .then((res) => {\n    const body = res.body;\n    console.log(body);\n    expect(body.errors.background.name).to.equal(\"ValidatorError\");\n    expect(body.errors.age.name).to.equal(\"ValidatorError\");\n    done();\n  })\n  .catch((err) => done(err));",
              "err": {},
              "uuid": "8092ca4f-c3e4-43b8-a1e2-06d47fa6b7c5",
              "parentUUID": "8ee60df9-3223-4d76-9127-d4329c788e7a",
              "isHook": false,
              "skipped": false
            }
          ],
          "suites": [],
          "passes": [
            "6041d50c-62ec-4995-94a5-b1f198920ccc",
            "8092ca4f-c3e4-43b8-a1e2-06d47fa6b7c5"
          ],
          "failures": [],
          "pending": [],
          "skipped": [],
          "duration": 16,
          "root": false,
          "rootEmpty": false,
          "_timeout": 120000
        }
      ],
      "passes": [],
      "failures": [],
      "pending": [],
      "skipped": [],
      "duration": 0,
      "root": true,
      "rootEmpty": true,
      "_timeout": 120000
    }
  ],
  "meta": {
    "mocha": {
      "version": "9.0.1"
    },
    "mochawesome": {
      "options": {
        "quiet": false,
        "reportFilename": "mochawesome",
        "saveHtml": true,
        "saveJson": true,
        "consoleReporter": "spec",
        "useInlineDiffs": false,
        "code": true
      },
      "version": "6.2.2"
    },
    "marge": {
      "options": null,
      "version": "5.2.0"
    }
  }
}